SF:lib\modules\core\extensions\diacritics_extension.dart
DA:7,2
DA:8,3
DA:9,2
LF:3
LH:3
end_of_record
SF:lib\modules\core\errors.dart
DA:7,0
DA:16,0
LF:2
LH:0
end_of_record
SF:lib\modules\core\helpers\helpers.dart
DA:4,5
DA:11,25
DA:12,5
DA:13,3
DA:22,5
DA:23,5
DA:24,5
DA:25,15
DA:27,11
DA:28,5
DA:30,5
DA:31,3
LF:12
LH:12
end_of_record
SF:lib\modules\core\helpers\helpers_errors.dart
DA:4,3
DA:15,3
DA:17,6
DA:18,3
DA:19,3
DA:23,3
DA:34,3
DA:36,6
DA:37,3
DA:39,3
LF:10
LH:10
end_of_record
SF:lib\app_module.dart
DA:7,2
DA:8,2
DA:9,2
DA:12,0
DA:14,0
LF:5
LH:3
end_of_record
SF:lib\modules\core\core_module.dart
DA:15,2
DA:21,2
DA:27,2
DA:28,2
DA:29,2
DA:30,4
DA:31,6
DA:35,2
DA:36,2
DA:37,2
DA:38,0
DA:39,0
DA:44,4
DA:45,2
DA:46,2
DA:47,2
DA:51,2
DA:52,2
DA:53,2
DA:54,2
LF:20
LH:18
end_of_record
SF:lib\modules\weather\weather_module.dart
DA:24,2
DA:25,2
DA:26,2
DA:29,2
DA:33,2
DA:34,2
DA:35,2
DA:36,4
DA:37,1
DA:38,1
DA:39,1
DA:41,2
DA:42,2
DA:43,2
DA:44,2
DA:45,2
DA:48,0
DA:51,0
DA:53,0
DA:54,0
DA:57,0
DA:59,0
DA:60,0
DA:61,0
LF:24
LH:16
end_of_record
SF:lib\modules\core\adapters\cache_adapter\models\cache_model.dart
DA:5,0
DA:14,0
DA:15,0
DA:16,0
DA:17,0
DA:18,0
DA:22,0
LF:7
LH:0
end_of_record
SF:lib\modules\core\adapters\cache_adapter\cache_hive\cache_hive.dart
DA:12,2
DA:13,2
DA:16,2
DA:17,2
DA:18,2
DA:19,4
DA:20,4
DA:22,4
DA:23,8
DA:26,0
DA:28,0
DA:29,0
DA:32,0
DA:34,0
DA:35,0
DA:39,0
DA:40,0
DA:41,0
DA:42,0
LF:19
LH:9
end_of_record
SF:lib\modules\core\adapters\cache_adapter\cache_hive\models\cache_model_database.g.dart
DA:13,0
DA:15,0
DA:16,0
DA:17,0
DA:19,0
DA:20,0
DA:21,0
DA:22,0
DA:26,0
DA:29,0
DA:30,0
DA:31,0
DA:32,0
DA:33,0
DA:34,0
DA:35,0
DA:38,0
DA:39,0
DA:41,0
DA:44,0
DA:45,0
DA:46,0
LF:22
LH:0
end_of_record
SF:lib\modules\core\adapters\cache_adapter\cache_hive\models\cache_model_database.dart
DA:12,0
DA:16,0
DA:29,0
DA:31,0
DA:32,0
DA:33,0
DA:34,0
DA:38,0
DA:39,0
LF:9
LH:0
end_of_record
SF:lib\modules\core\adapters\http_adapter\dio\dio_adapter.dart
DA:11,2
DA:15,12
DA:20,0
DA:27,0
DA:30,0
DA:32,0
DA:33,0
DA:34,0
DA:37,0
DA:38,0
DA:39,0
DA:40,0
DA:42,0
DA:43,0
DA:44,0
DA:49,0
DA:57,0
DA:61,0
DA:63,0
DA:64,0
DA:65,0
DA:68,0
DA:69,0
DA:70,0
DA:71,0
DA:73,0
DA:74,0
DA:75,0
DA:80,0
DA:90,0
DA:94,0
DA:100,0
DA:101,0
DA:102,0
DA:105,0
DA:106,0
DA:107,0
DA:108,0
DA:110,0
DA:111,0
DA:112,0
DA:117,0
DA:125,0
DA:129,0
DA:131,0
DA:132,0
DA:133,0
DA:136,0
DA:137,0
DA:138,0
DA:139,0
DA:141,0
DA:142,0
DA:143,0
LF:54
LH:2
end_of_record
SF:lib\modules\core\adapters\http_adapter\http_response.dart
DA:2,2
LF:1
LH:1
end_of_record
SF:lib\modules\core\adapters\http_adapter\dio\dio_errors.dart
DA:6,0
DA:14,0
DA:15,0
DA:17,0
DA:18,0
DA:20,0
DA:21,0
DA:23,0
DA:24,0
DA:26,0
DA:35,0
DA:36,0
DA:37,0
DA:38,0
DA:39,0
DA:40,0
DA:41,0
DA:42,0
DA:43,0
LF:19
LH:0
end_of_record
SF:lib\modules\core\adapters\http_adapter\http_errors.dart
DA:5,1
LF:1
LH:1
end_of_record
SF:lib\modules\core\adapters\http_adapter\dio\interceptor\common_interceptor.dart
DA:14,2
DA:23,0
DA:30,0
DA:31,0
DA:32,0
DA:33,0
DA:34,0
DA:38,0
DA:39,0
DA:40,0
DA:46,0
DA:47,0
DA:48,0
DA:49,0
DA:51,0
DA:53,0
DA:54,0
DA:55,0
DA:56,0
DA:57,0
DA:68,0
DA:71,0
DA:77,0
DA:80,0
DA:82,0
DA:83,0
DA:85,0
DA:86,0
DA:87,0
DA:88,0
DA:89,0
DA:90,0
DA:91,0
DA:92,0
DA:95,0
DA:99,0
DA:102,0
DA:108,0
DA:109,0
DA:111,0
DA:112,0
DA:113,0
DA:114,0
DA:115,0
DA:117,0
DA:120,0
DA:121,0
DA:122,0
DA:123,0
DA:124,0
DA:125,0
DA:127,0
DA:132,0
LF:53
LH:1
end_of_record
SF:lib\modules\core\usecases\check_internet.dart
DA:7,3
DA:10,1
DA:12,2
DA:13,1
DA:16,0
LF:5
LH:4
end_of_record
SF:lib\modules\core\consts.dart
DA:3,14
LF:1
LH:1
end_of_record
SF:lib\modules\weather\domain\entities\location_entity.dart
DA:7,10
DA:23,3
DA:31,3
DA:32,3
DA:33,3
DA:34,1
DA:35,3
DA:36,3
DA:37,1
DA:41,4
DA:42,12
DA:43,4
DA:45,8
LF:13
LH:13
end_of_record
SF:lib\modules\weather\domain\entities\weather_entity.dart
DA:8,7
DA:27,2
DA:28,2
DA:30,4
DA:33,4
DA:34,4
DA:36,8
DA:39,15
LF:8
LH:8
end_of_record
SF:lib\modules\weather\domain\enums\weather_enum.dart
DA:13,2
DA:14,12
DA:15,8
DA:18,12
DA:19,6
DA:20,5
DA:21,5
DA:22,4
LF:8
LH:8
end_of_record
SF:lib\modules\weather\domain\usecases\get_location_weather.dart
DA:7,2
DA:10,2
DA:11,4
DA:12,2
DA:14,4
DA:15,4
DA:16,2
DA:17,2
DA:19,2
LF:9
LH:9
end_of_record
SF:lib\modules\weather\infra\datasources\weather_datasource.dart
DA:7,2
DA:12,2
DA:14,4
DA:15,2
DA:18,4
DA:21,2
DA:23,4
DA:25,4
DA:26,2
DA:29,4
DA:32,2
DA:36,4
DA:38,4
DA:39,2
DA:42,4
DA:43,6
DA:44,2
LF:17
LH:17
end_of_record
SF:lib\modules\weather\infra\repositories\models\location_model.dart
DA:5,8
DA:12,3
DA:13,3
DA:15,3
DA:16,3
DA:19,3
DA:20,3
DA:21,3
DA:22,3
DA:26,3
DA:27,3
DA:28,3
DA:29,6
DA:30,6
LF:14
LH:14
end_of_record
SF:lib\modules\weather\infra\repositories\models\weather_model.dart
DA:5,5
DA:16,3
DA:17,3
DA:19,3
DA:20,3
DA:23,3
DA:24,3
DA:26,3
DA:33,3
DA:41,3
DA:42,6
DA:43,3
DA:44,3
DA:47,3
DA:48,9
DA:49,9
DA:50,9
DA:51,9
DA:52,6
DA:53,9
DA:54,9
DA:55,9
LF:22
LH:22
end_of_record
SF:lib\modules\weather\infra\repositories\mappers\location_mapper.dart
DA:6,3
DA:8,3
DA:9,3
DA:10,3
DA:11,3
DA:12,3
DA:16,3
DA:18,3
DA:19,3
DA:20,3
DA:21,3
DA:22,3
LF:12
LH:12
end_of_record
SF:lib\modules\weather\infra\repositories\mappers\weather_mapper.dart
DA:6,3
DA:8,3
DA:9,3
DA:10,3
DA:11,3
DA:12,3
DA:13,3
DA:14,3
DA:15,3
DA:16,3
DA:20,1
DA:22,1
DA:23,1
DA:24,1
DA:25,1
DA:26,1
DA:27,1
DA:28,1
DA:29,1
DA:30,2
LF:20
LH:20
end_of_record
SF:lib\modules\weather\infra\repositories\weather_repository.dart
DA:10,2
DA:20,2
DA:22,4
DA:24,4
DA:27,2
DA:29,4
DA:30,4
DA:32,4
DA:35,2
DA:39,4
DA:40,4
DA:42,8
LF:12
LH:12
end_of_record
SF:lib\modules\weather\presentation\pages\details\detail_page.dart
DA:8,1
DA:16,1
DA:17,1
DA:21,3
DA:23,1
DA:25,1
DA:26,5
DA:29,1
DA:31,1
DA:32,1
DA:33,6
DA:35,1
DA:36,1
DA:37,1
DA:38,1
DA:42,4
DA:43,1
DA:44,5
DA:45,1
DA:46,1
DA:47,1
DA:48,2
DA:50,1
DA:54,1
DA:55,4
DA:56,1
DA:57,4
DA:58,1
DA:59,7
DA:60,1
DA:61,5
DA:63,2
DA:64,1
DA:65,2
DA:72,1
LF:35
LH:35
end_of_record
SF:lib\modules\weather\presentation\pages\details\details_controller.dart
DA:5,1
DA:8,3
DA:10,1
DA:11,5
LF:4
LH:4
end_of_record
SF:lib\modules\weather\presentation\stores\location_store.dart
DA:8,0
DA:9,0
DA:10,0
DA:11,0
DA:14,2
DA:15,2
DA:16,2
DA:17,2
DA:18,0
DA:19,1
DA:21,1
DA:22,2
DA:23,1
LF:13
LH:8
end_of_record
SF:lib\modules\weather\presentation\pages\home\home_controller.dart
DA:8,1
DA:17,1
DA:19,2
DA:21,2
DA:22,1
DA:23,1
DA:24,1
DA:25,1
DA:28,2
DA:32,1
DA:34,2
DA:36,2
DA:37,0
DA:38,0
LF:14
LH:12
end_of_record
SF:lib\modules\weather\presentation\pages\home\home_store.dart
DA:5,2
DA:6,1
DA:7,1
DA:9,1
LF:4
LH:4
end_of_record
SF:lib\modules\weather\presentation\pages\home\home_page.dart
DA:8,1
DA:13,1
DA:14,1
DA:18,3
DA:20,1
DA:22,1
DA:23,2
DA:26,1
DA:28,3
DA:30,1
DA:33,1
DA:35,1
DA:36,1
DA:37,1
DA:38,1
DA:39,1
DA:41,1
DA:42,3
DA:43,0
DA:44,0
DA:49,1
DA:50,1
DA:51,2
DA:52,1
DA:53,1
DA:55,4
DA:56,1
DA:57,1
DA:59,4
DA:64,1
DA:65,2
DA:66,1
DA:67,1
DA:68,3
LF:34
LH:32
end_of_record
SF:lib\modules\weather\presentation\pages\home\widgets\list_cities_widget.dart
DA:7,1
DA:12,1
DA:14,6
DA:15,1
DA:16,2
DA:17,1
DA:19,1
DA:20,6
DA:23,1
DA:24,5
DA:27,1
DA:28,1
DA:31,5
DA:32,1
DA:33,5
DA:35,1
DA:36,3
DA:37,2
DA:38,2
DA:39,3
LF:20
LH:20
end_of_record
SF:lib\modules\weather\presentation\pages\home\widgets\search_bar_widget.dart
DA:8,1
DA:14,1
DA:15,1
DA:19,1
DA:21,1
DA:23,1
DA:24,1
DA:25,1
DA:29,0
DA:30,0
DA:32,0
DA:33,0
DA:37,2
DA:39,0
DA:40,0
DA:42,0
DA:43,0
DA:44,0
DA:45,0
DA:46,0
DA:54,0
DA:55,0
DA:56,0
DA:57,0
DA:58,0
DA:59,0
DA:60,0
DA:61,0
DA:62,0
DA:63,0
DA:64,0
DA:65,0
DA:66,0
DA:67,0
DA:68,0
DA:69,0
DA:70,0
LF:37
LH:9
end_of_record
